2021-07-13 15:07:07,590 P3137 [INFO] ************************************************************
2021-07-13 15:07:07,590 P3137 [INFO] ConfigSet _OnInstanceBoot
2021-07-13 15:07:07,593 P3137 [INFO] ++++++++++++++++++++++++++++++++++++++++++++++++++++++++++++
2021-07-13 15:07:07,593 P3137 [INFO] Config AWSEBBaseConfig
2021-07-13 15:07:07,748 P3137 [INFO] ============================================================
2021-07-13 15:07:07,748 P3137 [INFO] Command clearbackupfiles
2021-07-13 15:07:07,755 P3137 [INFO] Completed successfully.
2021-07-13 15:07:07,759 P3137 [INFO] ++++++++++++++++++++++++++++++++++++++++++++++++++++++++++++
2021-07-13 15:07:07,759 P3137 [INFO] Config AWSEBCfnHupEndpointOverride
2021-07-13 15:07:07,759 P3137 [INFO] ============================================================
2021-07-13 15:07:07,759 P3137 [INFO] Command clearbackupfiles
2021-07-13 15:07:07,761 P3137 [INFO] Completed successfully.
2021-07-13 15:08:17,569 P3321 [INFO] ************************************************************
2021-07-13 15:08:17,569 P3321 [INFO] ConfigSet Infra-EmbeddedPreBuild
2021-07-13 15:08:19,288 P3411 [INFO] ************************************************************
2021-07-13 15:08:19,288 P3411 [INFO] ConfigSet Infra-EmbeddedPostBuild
2021-07-13 15:46:45,608 P3937 [INFO] ************************************************************
2021-07-13 15:46:45,608 P3937 [INFO] ConfigSet Infra-EmbeddedPreBuild
2021-07-13 15:46:45,611 P3937 [INFO] ++++++++++++++++++++++++++++++++++++++++++++++++++++++++++++
2021-07-13 15:46:45,611 P3937 [INFO] Config prebuild_0_TestApp
2021-07-13 15:46:45,615 P3937 [INFO] ++++++++++++++++++++++++++++++++++++++++++++++++++++++++++++
2021-07-13 15:46:45,615 P3937 [INFO] Config prebuild_1_TestApp
2021-07-13 15:46:47,494 P4090 [INFO] ************************************************************
2021-07-13 15:46:47,494 P4090 [INFO] ConfigSet Infra-EmbeddedPostBuild
2021-07-13 16:18:11,233 P4716 [INFO] ************************************************************
2021-07-13 16:18:11,233 P4716 [INFO] ConfigSet Infra-EmbeddedPreBuild
2021-07-13 16:18:11,236 P4716 [INFO] ++++++++++++++++++++++++++++++++++++++++++++++++++++++++++++
2021-07-13 16:18:11,236 P4716 [INFO] Config prebuild_0_TestApp
2021-07-13 16:18:11,240 P4716 [INFO] ++++++++++++++++++++++++++++++++++++++++++++++++++++++++++++
2021-07-13 16:18:11,241 P4716 [INFO] Config prebuild_1_TestApp
2021-07-13 16:18:13,114 P4867 [INFO] ************************************************************
2021-07-13 16:18:13,114 P4867 [INFO] ConfigSet Infra-EmbeddedPostBuild
2021-07-13 16:42:45,161 P31796 [INFO] ************************************************************
2021-07-13 16:42:45,161 P31796 [INFO] ConfigSet Infra-EmbeddedPreBuild
2021-07-13 16:42:45,165 P31796 [INFO] ++++++++++++++++++++++++++++++++++++++++++++++++++++++++++++
2021-07-13 16:42:45,165 P31796 [INFO] Config prebuild_0_TestApp
2021-07-13 16:42:45,169 P31796 [INFO] ++++++++++++++++++++++++++++++++++++++++++++++++++++++++++++
2021-07-13 16:42:45,170 P31796 [INFO] Config prebuild_1_TestApp
2021-07-13 16:42:47,059 P31948 [INFO] ************************************************************
2021-07-13 16:42:47,059 P31948 [INFO] ConfigSet Infra-EmbeddedPostBuild
2021-07-13 17:18:35,884 P32646 [INFO] ************************************************************
2021-07-13 17:18:35,884 P32646 [INFO] ConfigSet Infra-EmbeddedPreBuild
2021-07-13 17:18:35,888 P32646 [INFO] ++++++++++++++++++++++++++++++++++++++++++++++++++++++++++++
2021-07-13 17:18:35,888 P32646 [INFO] Config prebuild_0_TestApp
2021-07-13 17:18:35,892 P32646 [INFO] ++++++++++++++++++++++++++++++++++++++++++++++++++++++++++++
2021-07-13 17:18:35,892 P32646 [INFO] Config prebuild_1_TestApp
2021-07-13 17:18:37,801 P329 [INFO] ************************************************************
2021-07-13 17:18:37,801 P329 [INFO] ConfigSet Infra-EmbeddedPostBuild
2021-07-13 17:30:33,228 P695 [INFO] ************************************************************
2021-07-13 17:30:33,228 P695 [INFO] ConfigSet Infra-EmbeddedPreBuild
2021-07-13 17:30:33,231 P695 [INFO] ++++++++++++++++++++++++++++++++++++++++++++++++++++++++++++
2021-07-13 17:30:33,231 P695 [INFO] Config prebuild_0_TestApp
2021-07-13 17:30:33,235 P695 [INFO] ++++++++++++++++++++++++++++++++++++++++++++++++++++++++++++
2021-07-13 17:30:33,235 P695 [INFO] Config prebuild_1_TestApp
2021-07-13 17:30:35,061 P850 [INFO] ************************************************************
2021-07-13 17:30:35,061 P850 [INFO] ConfigSet Infra-EmbeddedPostBuild
2021-07-13 18:11:37,610 P1613 [INFO] ************************************************************
2021-07-13 18:11:37,610 P1613 [INFO] ConfigSet Infra-EmbeddedPreBuild
2021-07-13 18:11:37,613 P1613 [INFO] ++++++++++++++++++++++++++++++++++++++++++++++++++++++++++++
2021-07-13 18:11:37,613 P1613 [INFO] Config prebuild_0_TestApp
2021-07-13 18:11:37,618 P1613 [INFO] ++++++++++++++++++++++++++++++++++++++++++++++++++++++++++++
2021-07-13 18:11:37,618 P1613 [INFO] Config prebuild_1_TestApp
2021-07-13 18:11:39,491 P1766 [INFO] ************************************************************
2021-07-13 18:11:39,491 P1766 [INFO] ConfigSet Infra-EmbeddedPostBuild
2021-07-13 18:19:27,933 P2076 [INFO] ************************************************************
2021-07-13 18:19:27,933 P2076 [INFO] ConfigSet Infra-EmbeddedPreBuild
2021-07-13 18:19:27,936 P2076 [INFO] ++++++++++++++++++++++++++++++++++++++++++++++++++++++++++++
2021-07-13 18:19:27,936 P2076 [INFO] Config prebuild_0_TestApp
2021-07-13 18:19:27,940 P2076 [INFO] ++++++++++++++++++++++++++++++++++++++++++++++++++++++++++++
2021-07-13 18:19:27,940 P2076 [INFO] Config prebuild_1_TestApp
2021-07-13 18:19:29,911 P2230 [INFO] ************************************************************
2021-07-13 18:19:29,911 P2230 [INFO] ConfigSet Infra-EmbeddedPostBuild
2021-07-13 18:44:55,833 P2754 [INFO] ************************************************************
2021-07-13 18:44:55,833 P2754 [INFO] ConfigSet Infra-EmbeddedPreBuild
2021-07-13 18:44:55,836 P2754 [INFO] ++++++++++++++++++++++++++++++++++++++++++++++++++++++++++++
2021-07-13 18:44:55,836 P2754 [INFO] Config prebuild_0_TestApp
2021-07-13 18:44:55,840 P2754 [INFO] ++++++++++++++++++++++++++++++++++++++++++++++++++++++++++++
2021-07-13 18:44:55,840 P2754 [INFO] Config prebuild_1_TestApp
2021-07-13 18:44:57,960 P2907 [INFO] ************************************************************
2021-07-13 18:44:57,960 P2907 [INFO] ConfigSet Infra-EmbeddedPostBuild
2021-07-13 19:04:47,623 P3457 [INFO] ************************************************************
2021-07-13 19:04:47,624 P3457 [INFO] ConfigSet Infra-EmbeddedPreBuild
2021-07-13 19:04:47,627 P3457 [INFO] ++++++++++++++++++++++++++++++++++++++++++++++++++++++++++++
2021-07-13 19:04:47,627 P3457 [INFO] Config prebuild_0_TestApp
2021-07-13 19:04:47,631 P3457 [INFO] ++++++++++++++++++++++++++++++++++++++++++++++++++++++++++++
2021-07-13 19:04:47,631 P3457 [INFO] Config prebuild_1_TestApp
2021-07-13 19:04:49,523 P3609 [INFO] ************************************************************
2021-07-13 19:04:49,523 P3609 [INFO] ConfigSet Infra-EmbeddedPostBuild
2021-07-13 19:11:09,552 P3924 [INFO] ************************************************************
2021-07-13 19:11:09,552 P3924 [INFO] ConfigSet Infra-EmbeddedPreBuild
2021-07-13 19:11:09,555 P3924 [INFO] ++++++++++++++++++++++++++++++++++++++++++++++++++++++++++++
2021-07-13 19:11:09,555 P3924 [INFO] Config prebuild_0_TestApp
2021-07-13 19:11:09,559 P3924 [INFO] ++++++++++++++++++++++++++++++++++++++++++++++++++++++++++++
2021-07-13 19:11:09,559 P3924 [INFO] Config prebuild_1_TestApp
2021-07-13 19:11:11,456 P4075 [INFO] ************************************************************
2021-07-13 19:11:11,456 P4075 [INFO] ConfigSet Infra-EmbeddedPostBuild
2021-07-13 19:17:31,959 P4373 [INFO] ************************************************************
2021-07-13 19:17:31,959 P4373 [INFO] ConfigSet Infra-EmbeddedPreBuild
2021-07-13 19:17:31,962 P4373 [INFO] ++++++++++++++++++++++++++++++++++++++++++++++++++++++++++++
2021-07-13 19:17:31,962 P4373 [INFO] Config prebuild_0_TestApp
2021-07-13 19:17:31,966 P4373 [INFO] ++++++++++++++++++++++++++++++++++++++++++++++++++++++++++++
2021-07-13 19:17:31,967 P4373 [INFO] Config prebuild_1_TestApp
2021-07-13 19:17:33,858 P4525 [INFO] ************************************************************
2021-07-13 19:17:33,858 P4525 [INFO] ConfigSet Infra-EmbeddedPostBuild
2021-07-13 19:24:04,803 P4832 [INFO] ************************************************************
2021-07-13 19:24:04,803 P4832 [INFO] ConfigSet Infra-EmbeddedPreBuild
2021-07-13 19:24:04,806 P4832 [INFO] ++++++++++++++++++++++++++++++++++++++++++++++++++++++++++++
2021-07-13 19:24:04,806 P4832 [INFO] Config prebuild_0_TestApp
2021-07-13 19:24:04,811 P4832 [INFO] ++++++++++++++++++++++++++++++++++++++++++++++++++++++++++++
2021-07-13 19:24:04,811 P4832 [INFO] Config prebuild_1_TestApp
2021-07-13 19:24:07,300 P4984 [INFO] ************************************************************
2021-07-13 19:24:07,300 P4984 [INFO] ConfigSet Infra-EmbeddedPostBuild
2021-07-13 19:29:27,144 P5312 [INFO] ************************************************************
2021-07-13 19:29:27,144 P5312 [INFO] ConfigSet Infra-EmbeddedPreBuild
2021-07-13 19:29:27,147 P5312 [INFO] ++++++++++++++++++++++++++++++++++++++++++++++++++++++++++++
2021-07-13 19:29:27,147 P5312 [INFO] Config prebuild_0_TestApp
2021-07-13 19:29:27,151 P5312 [INFO] ++++++++++++++++++++++++++++++++++++++++++++++++++++++++++++
2021-07-13 19:29:27,151 P5312 [INFO] Config prebuild_1_TestApp
2021-07-13 19:29:29,087 P5464 [INFO] ************************************************************
2021-07-13 19:29:29,087 P5464 [INFO] ConfigSet Infra-EmbeddedPostBuild
2021-07-13 19:42:10,328 P5831 [INFO] ************************************************************
2021-07-13 19:42:10,328 P5831 [INFO] ConfigSet Infra-EmbeddedPreBuild
2021-07-13 19:42:10,331 P5831 [INFO] ++++++++++++++++++++++++++++++++++++++++++++++++++++++++++++
2021-07-13 19:42:10,331 P5831 [INFO] Config prebuild_0_TestApp
2021-07-13 19:42:10,336 P5831 [INFO] ++++++++++++++++++++++++++++++++++++++++++++++++++++++++++++
2021-07-13 19:42:10,336 P5831 [INFO] Config prebuild_1_TestApp
2021-07-13 19:42:12,255 P5982 [INFO] ************************************************************
2021-07-13 19:42:12,255 P5982 [INFO] ConfigSet Infra-EmbeddedPostBuild
2021-07-13 19:46:35,462 P6267 [INFO] ************************************************************
2021-07-13 19:46:35,462 P6267 [INFO] ConfigSet Infra-EmbeddedPreBuild
2021-07-13 19:46:35,465 P6267 [INFO] ++++++++++++++++++++++++++++++++++++++++++++++++++++++++++++
2021-07-13 19:46:35,465 P6267 [INFO] Config prebuild_0_TestApp
2021-07-13 19:46:35,470 P6267 [INFO] ++++++++++++++++++++++++++++++++++++++++++++++++++++++++++++
2021-07-13 19:46:35,470 P6267 [INFO] Config prebuild_1_TestApp
2021-07-13 19:46:38,351 P6417 [INFO] ************************************************************
2021-07-13 19:46:38,351 P6417 [INFO] ConfigSet Infra-EmbeddedPostBuild
2021-07-14 14:06:59,967 P19007 [INFO] ************************************************************
2021-07-14 14:06:59,967 P19007 [INFO] ConfigSet Infra-EmbeddedPreBuild
2021-07-14 14:06:59,970 P19007 [INFO] ++++++++++++++++++++++++++++++++++++++++++++++++++++++++++++
2021-07-14 14:06:59,970 P19007 [INFO] Config prebuild_0_TestApp
2021-07-14 14:06:59,974 P19007 [INFO] ++++++++++++++++++++++++++++++++++++++++++++++++++++++++++++
2021-07-14 14:06:59,975 P19007 [INFO] Config prebuild_1_TestApp
2021-07-14 14:07:02,065 P19159 [INFO] ************************************************************
2021-07-14 14:07:02,065 P19159 [INFO] ConfigSet Infra-EmbeddedPostBuild
2021-07-14 14:10:10,750 P19451 [INFO] ************************************************************
2021-07-14 14:10:10,750 P19451 [INFO] ConfigSet Infra-EmbeddedPreBuild
2021-07-14 14:10:10,752 P19451 [INFO] ++++++++++++++++++++++++++++++++++++++++++++++++++++++++++++
2021-07-14 14:10:10,753 P19451 [INFO] Config prebuild_0_TestApp
2021-07-14 14:10:10,757 P19451 [INFO] ++++++++++++++++++++++++++++++++++++++++++++++++++++++++++++
2021-07-14 14:10:10,757 P19451 [INFO] Config prebuild_1_TestApp
2021-07-14 14:10:12,801 P19601 [INFO] ************************************************************
2021-07-14 14:10:12,801 P19601 [INFO] ConfigSet Infra-EmbeddedPostBuild
