2021-07-13 15:07:12,170 [DEBUG] CloudFormation client initialized with endpoint https://cloudformation.us-east-1.amazonaws.com
2021-07-13 15:07:12,170 [DEBUG] SQS client initialized with endpoint https://sqs.us-east-1.amazonaws.com
2021-07-13 15:07:12,171 [DEBUG] CloudFormation client initialized with endpoint https://cloudformation.us-east-1.amazonaws.com
2021-07-13 15:07:12,171 [DEBUG] Enabled single threading mode.
2021-07-13 15:07:12,171 [DEBUG] Creating /var/lib/cfn-hup/data
2021-07-13 15:07:12,191 [INFO] No umask value specified in config file. Using the default one: 0o22
2021-07-13 15:07:13,029 [INFO] Refreshing listener credentials
2021-07-13 15:07:13,113 [INFO] Scheduling next credential refresh in 1799.0 seconds
2021-07-13 15:08:16,224 [INFO] Received command ElasticBeanstalkCommand-AWSEBAutoScalingGroup (invocation id: 35328fe1-d426-48b6-83ef-2e34e96405a7)
2021-07-13 15:08:16,224 [INFO] Running action for aws-eb-command-handler
2021-07-13 15:08:19,715 [INFO] Action for aws-eb-command-handler succeeded, returning SUCCESS
2021-07-13 15:12:20,142 [INFO] command processing is alive.
2021-07-13 15:17:20,686 [INFO] command processing is alive.
2021-07-13 15:22:21,080 [INFO] command processing is alive.
2021-07-13 15:27:21,483 [INFO] command processing is alive.
2021-07-13 15:32:21,891 [INFO] command processing is alive.
2021-07-13 15:37:12,114 [INFO] Refreshing listener credentials
2021-07-13 15:37:12,203 [INFO] Scheduling next credential refresh in 1799.0 seconds
2021-07-13 15:37:22,317 [INFO] command processing is alive.
2021-07-13 15:42:22,756 [INFO] command processing is alive.
2021-07-13 15:46:43,959 [INFO] Received command ElasticBeanstalkCommand-AWSEBAutoScalingGroup (invocation id: c097e03f-61f8-4c68-8966-c9d87068f359)
2021-07-13 15:46:43,959 [INFO] Running action for aws-eb-command-handler
2021-07-13 15:46:48,510 [INFO] Action for aws-eb-command-handler succeeded, returning SUCCESS
2021-07-13 15:47:28,659 [INFO] command processing is alive.
2021-07-13 15:52:29,104 [INFO] command processing is alive.
2021-07-13 15:57:29,510 [INFO] command processing is alive.
2021-07-13 16:02:29,920 [INFO] command processing is alive.
2021-07-13 16:07:11,204 [INFO] Refreshing listener credentials
2021-07-13 16:07:11,286 [INFO] Scheduling next credential refresh in 1799.0 seconds
2021-07-13 16:07:30,438 [INFO] command processing is alive.
2021-07-13 16:12:30,849 [INFO] command processing is alive.
2021-07-13 16:17:31,277 [INFO] command processing is alive.
2021-07-13 16:18:09,931 [INFO] Received command ElasticBeanstalkCommand-AWSEBAutoScalingGroup (invocation id: 6bf4a591-dcfb-4fe1-ae95-ed58c7e220a8)
2021-07-13 16:18:09,931 [INFO] Running action for aws-eb-command-handler
2021-07-13 16:18:14,095 [INFO] Action for aws-eb-command-handler succeeded, returning SUCCESS
2021-07-13 16:22:34,536 [INFO] command processing is alive.
2021-07-13 16:27:34,997 [INFO] command processing is alive.
2021-07-13 16:32:35,405 [INFO] command processing is alive.
2021-07-13 16:37:10,286 [INFO] Refreshing listener credentials
2021-07-13 16:37:10,370 [INFO] Scheduling next credential refresh in 1799.0 seconds
2021-07-13 16:37:35,812 [INFO] command processing is alive.
2021-07-13 16:42:36,208 [INFO] command processing is alive.
2021-07-13 16:42:43,872 [INFO] Received command ElasticBeanstalkCommand-AWSEBAutoScalingGroup (invocation id: 5bc7974b-ebcc-432e-8220-c988bcac555d)
2021-07-13 16:42:43,872 [INFO] Running action for aws-eb-command-handler
2021-07-13 16:42:48,048 [INFO] Action for aws-eb-command-handler succeeded, returning SUCCESS
2021-07-13 16:47:48,548 [INFO] command processing is alive.
2021-07-13 16:52:48,956 [INFO] command processing is alive.
2021-07-13 16:57:49,365 [INFO] command processing is alive.
2021-07-13 17:02:49,769 [INFO] command processing is alive.
2021-07-13 17:07:09,370 [INFO] Refreshing listener credentials
2021-07-13 17:07:09,461 [INFO] Scheduling next credential refresh in 1799.0 seconds
2021-07-13 17:07:50,176 [INFO] command processing is alive.
2021-07-13 17:12:50,584 [INFO] command processing is alive.
2021-07-13 17:17:51,019 [INFO] command processing is alive.
2021-07-13 17:18:34,545 [INFO] Received command ElasticBeanstalkCommand-AWSEBAutoScalingGroup (invocation id: e49be5f3-990e-4ec7-9a58-a9e6ae2958d4)
2021-07-13 17:18:34,545 [INFO] Running action for aws-eb-command-handler
2021-07-13 17:18:38,796 [INFO] Action for aws-eb-command-handler succeeded, returning SUCCESS
2021-07-13 17:22:59,309 [INFO] command processing is alive.
2021-07-13 17:27:59,815 [INFO] command processing is alive.
2021-07-13 17:30:31,843 [INFO] Received command ElasticBeanstalkCommand-AWSEBAutoScalingGroup (invocation id: 7efeb42a-20e6-4dfa-912c-ed17a120ed13)
2021-07-13 17:30:31,844 [INFO] Running action for aws-eb-command-handler
2021-07-13 17:30:36,032 [INFO] Action for aws-eb-command-handler succeeded, returning SUCCESS
2021-07-13 17:33:16,339 [INFO] command processing is alive.
2021-07-13 17:37:08,461 [INFO] Refreshing listener credentials
2021-07-13 17:37:08,550 [INFO] Scheduling next credential refresh in 1799.0 seconds
2021-07-13 17:38:16,789 [INFO] command processing is alive.
2021-07-13 17:43:17,394 [INFO] command processing is alive.
2021-07-13 17:48:17,838 [INFO] command processing is alive.
2021-07-13 17:53:18,381 [INFO] command processing is alive.
2021-07-13 17:58:18,788 [INFO] command processing is alive.
2021-07-13 18:03:19,189 [INFO] command processing is alive.
2021-07-13 18:07:07,551 [INFO] Refreshing listener credentials
2021-07-13 18:07:07,640 [INFO] Scheduling next credential refresh in 1799.0 seconds
2021-07-13 18:08:19,598 [INFO] command processing is alive.
2021-07-13 18:11:36,264 [INFO] Received command ElasticBeanstalkCommand-AWSEBAutoScalingGroup (invocation id: 35c6732f-deaa-4e67-8a3a-680ebc340c6f)
2021-07-13 18:11:36,264 [INFO] Running action for aws-eb-command-handler
2021-07-13 18:11:40,465 [INFO] Action for aws-eb-command-handler succeeded, returning SUCCESS
2021-07-13 18:13:20,703 [INFO] command processing is alive.
2021-07-13 18:18:21,102 [INFO] command processing is alive.
2021-07-13 18:19:26,373 [INFO] Received command ElasticBeanstalkCommand-AWSEBAutoScalingGroup (invocation id: ee876be7-1bce-4ab6-baea-1c30c13f59a0)
2021-07-13 18:19:26,373 [INFO] Running action for aws-eb-command-handler
2021-07-13 18:19:30,900 [INFO] Action for aws-eb-command-handler succeeded, returning SUCCESS
2021-07-13 18:23:31,384 [INFO] command processing is alive.
2021-07-13 18:28:31,896 [INFO] command processing is alive.
2021-07-13 18:33:32,291 [INFO] command processing is alive.
2021-07-13 18:37:06,641 [INFO] Refreshing listener credentials
2021-07-13 18:37:06,742 [INFO] Scheduling next credential refresh in 1799.0 seconds
2021-07-13 18:38:32,852 [INFO] command processing is alive.
2021-07-13 18:43:33,345 [INFO] command processing is alive.
2021-07-13 18:44:54,437 [INFO] Received command ElasticBeanstalkCommand-AWSEBAutoScalingGroup (invocation id: d31f867c-053a-48d0-9307-6904ab4dffdf)
2021-07-13 18:44:54,437 [INFO] Running action for aws-eb-command-handler
2021-07-13 18:44:58,940 [INFO] Action for aws-eb-command-handler succeeded, returning SUCCESS
2021-07-13 18:48:39,348 [INFO] command processing is alive.
2021-07-13 18:53:39,819 [INFO] command processing is alive.
2021-07-13 18:58:40,241 [INFO] command processing is alive.
2021-07-13 19:03:40,699 [INFO] command processing is alive.
2021-07-13 19:04:46,179 [INFO] Received command ElasticBeanstalkCommand-AWSEBAutoScalingGroup (invocation id: 9e876002-d632-403a-8a17-a786ca6e45b9)
2021-07-13 19:04:46,179 [INFO] Running action for aws-eb-command-handler
2021-07-13 19:04:50,515 [INFO] Action for aws-eb-command-handler succeeded, returning SUCCESS
2021-07-13 19:07:05,743 [INFO] Refreshing listener credentials
2021-07-13 19:07:05,833 [INFO] Scheduling next credential refresh in 1799.0 seconds
2021-07-13 19:08:50,923 [INFO] command processing is alive.
2021-07-13 19:11:08,006 [INFO] Received command ElasticBeanstalkCommand-AWSEBAutoScalingGroup (invocation id: f610764a-e5be-43d3-b42a-8bb2980899d1)
2021-07-13 19:11:08,006 [INFO] Running action for aws-eb-command-handler
2021-07-13 19:11:12,447 [INFO] Action for aws-eb-command-handler succeeded, returning SUCCESS
2021-07-13 19:13:52,762 [INFO] command processing is alive.
2021-07-13 19:17:30,476 [INFO] Received command ElasticBeanstalkCommand-AWSEBAutoScalingGroup (invocation id: ad5dd2cc-234f-4c30-806e-c777a0ce4f6d)
2021-07-13 19:17:30,476 [INFO] Running action for aws-eb-command-handler
2021-07-13 19:17:34,871 [INFO] Action for aws-eb-command-handler succeeded, returning SUCCESS
2021-07-13 19:18:55,181 [INFO] command processing is alive.
2021-07-13 19:23:55,604 [INFO] command processing is alive.
2021-07-13 19:24:03,334 [INFO] Received command ElasticBeanstalkCommand-AWSEBAutoScalingGroup (invocation id: ca29693d-dfa8-4d35-8c5c-c61ca2874d65)
2021-07-13 19:24:03,334 [INFO] Running action for aws-eb-command-handler
2021-07-13 19:24:08,284 [INFO] Action for aws-eb-command-handler succeeded, returning SUCCESS
2021-07-13 19:29:08,859 [INFO] command processing is alive.
2021-07-13 19:29:25,718 [INFO] Received command ElasticBeanstalkCommand-AWSEBAutoScalingGroup (invocation id: 38b29201-89d2-4182-9c70-f5bf91073baa)
2021-07-13 19:29:25,718 [INFO] Running action for aws-eb-command-handler
2021-07-13 19:29:30,052 [INFO] Action for aws-eb-command-handler succeeded, returning SUCCESS
2021-07-13 19:34:10,721 [INFO] command processing is alive.
2021-07-13 19:37:04,834 [INFO] Refreshing listener credentials
2021-07-13 19:37:04,924 [INFO] Scheduling next credential refresh in 1799.0 seconds
2021-07-13 19:39:11,140 [INFO] command processing is alive.
2021-07-13 19:42:08,923 [INFO] Received command ElasticBeanstalkCommand-AWSEBAutoScalingGroup (invocation id: 46c1e3f9-a72f-4ee0-8c37-b748b4a125b2)
2021-07-13 19:42:08,923 [INFO] Running action for aws-eb-command-handler
2021-07-13 19:42:13,235 [INFO] Action for aws-eb-command-handler succeeded, returning SUCCESS
2021-07-13 19:44:13,523 [INFO] command processing is alive.
2021-07-13 19:46:33,951 [INFO] Received command ElasticBeanstalkCommand-AWSEBAutoScalingGroup (invocation id: 136ee97a-00c4-4579-9c36-79d7e39d0f99)
2021-07-13 19:46:33,951 [INFO] Running action for aws-eb-command-handler
2021-07-13 19:46:39,401 [INFO] Action for aws-eb-command-handler succeeded, returning SUCCESS
2021-07-13 19:49:19,734 [INFO] command processing is alive.
2021-07-13 19:54:20,214 [INFO] command processing is alive.
2021-07-13 19:59:20,656 [INFO] command processing is alive.
2021-07-13 20:04:21,047 [INFO] command processing is alive.
2021-07-13 20:07:03,925 [INFO] Refreshing listener credentials
2021-07-13 20:07:04,061 [INFO] Scheduling next credential refresh in 1799.0 seconds
2021-07-13 20:09:21,530 [INFO] command processing is alive.
2021-07-13 20:14:21,962 [INFO] command processing is alive.
2021-07-13 20:19:22,474 [INFO] command processing is alive.
2021-07-13 20:24:22,898 [INFO] command processing is alive.
2021-07-13 20:29:23,325 [INFO] command processing is alive.
2021-07-13 20:34:23,846 [INFO] command processing is alive.
2021-07-13 20:37:03,062 [INFO] Refreshing listener credentials
2021-07-13 20:37:03,156 [INFO] Scheduling next credential refresh in 1799.0 seconds
2021-07-13 20:39:24,246 [INFO] command processing is alive.
2021-07-13 20:44:24,678 [INFO] command processing is alive.
2021-07-13 20:49:25,102 [INFO] command processing is alive.
2021-07-13 20:54:25,517 [INFO] command processing is alive.
2021-07-13 20:59:26,014 [INFO] command processing is alive.
2021-07-13 21:04:26,442 [INFO] command processing is alive.
2021-07-13 21:07:02,156 [INFO] Refreshing listener credentials
2021-07-13 21:07:02,357 [INFO] Scheduling next credential refresh in 1799.0 seconds
2021-07-13 21:09:26,848 [INFO] command processing is alive.
2021-07-13 21:14:27,268 [INFO] command processing is alive.
2021-07-13 21:19:27,681 [INFO] command processing is alive.
2021-07-13 21:24:28,189 [INFO] command processing is alive.
2021-07-13 21:29:28,630 [INFO] command processing is alive.
2021-07-13 21:34:29,059 [INFO] command processing is alive.
2021-07-13 21:37:01,358 [INFO] Refreshing listener credentials
2021-07-13 21:37:01,454 [INFO] Scheduling next credential refresh in 1799.0 seconds
2021-07-13 21:39:29,475 [INFO] command processing is alive.
2021-07-13 21:44:29,913 [INFO] command processing is alive.
2021-07-13 21:49:30,343 [INFO] command processing is alive.
2021-07-13 21:54:30,748 [INFO] command processing is alive.
2021-07-13 21:59:31,169 [INFO] command processing is alive.
2021-07-13 22:04:31,674 [INFO] command processing is alive.
2021-07-13 22:07:00,455 [INFO] Refreshing listener credentials
2021-07-13 22:07:00,547 [INFO] Scheduling next credential refresh in 1799.0 seconds
2021-07-13 22:09:32,104 [INFO] command processing is alive.
2021-07-13 22:14:32,569 [INFO] command processing is alive.
2021-07-13 22:19:32,990 [INFO] command processing is alive.
2021-07-13 22:24:33,397 [INFO] command processing is alive.
2021-07-13 22:29:33,863 [INFO] command processing is alive.
2021-07-13 22:34:34,404 [INFO] command processing is alive.
2021-07-13 22:36:59,548 [INFO] Refreshing listener credentials
2021-07-13 22:36:59,641 [INFO] Scheduling next credential refresh in 1799.0 seconds
2021-07-13 22:39:34,873 [INFO] command processing is alive.
2021-07-13 22:44:35,296 [INFO] command processing is alive.
2021-07-13 22:49:35,729 [INFO] command processing is alive.
2021-07-13 22:54:36,151 [INFO] command processing is alive.
2021-07-13 22:59:36,584 [INFO] command processing is alive.
2021-07-13 23:04:36,994 [INFO] command processing is alive.
2021-07-13 23:06:58,641 [INFO] Refreshing listener credentials
2021-07-13 23:06:58,732 [INFO] Scheduling next credential refresh in 1799.0 seconds
2021-07-13 23:09:37,417 [INFO] command processing is alive.
2021-07-13 23:14:37,864 [INFO] command processing is alive.
2021-07-13 23:19:38,266 [INFO] command processing is alive.
2021-07-13 23:24:38,703 [INFO] command processing is alive.
2021-07-13 23:29:39,142 [INFO] command processing is alive.
2021-07-13 23:34:39,555 [INFO] command processing is alive.
2021-07-13 23:36:57,733 [INFO] Refreshing listener credentials
2021-07-13 23:36:57,826 [INFO] Scheduling next credential refresh in 1799.0 seconds
2021-07-13 23:39:40,021 [INFO] command processing is alive.
2021-07-13 23:44:40,453 [INFO] command processing is alive.
2021-07-13 23:49:40,939 [INFO] command processing is alive.
2021-07-13 23:54:41,357 [INFO] command processing is alive.
2021-07-13 23:59:41,779 [INFO] command processing is alive.
2021-07-14 00:04:42,265 [INFO] command processing is alive.
2021-07-14 00:06:56,826 [INFO] Refreshing listener credentials
2021-07-14 00:06:56,921 [INFO] Scheduling next credential refresh in 1799.0 seconds
2021-07-14 00:09:42,708 [INFO] command processing is alive.
2021-07-14 00:14:43,116 [INFO] command processing is alive.
2021-07-14 00:19:43,551 [INFO] command processing is alive.
2021-07-14 00:24:43,991 [INFO] command processing is alive.
2021-07-14 00:29:44,421 [INFO] command processing is alive.
2021-07-14 00:34:44,916 [INFO] command processing is alive.
2021-07-14 00:36:55,922 [INFO] Refreshing listener credentials
2021-07-14 00:36:56,067 [INFO] Scheduling next credential refresh in 1799.0 seconds
2021-07-14 00:39:45,325 [INFO] command processing is alive.
2021-07-14 00:44:45,728 [INFO] command processing is alive.
2021-07-14 00:49:46,156 [INFO] command processing is alive.
2021-07-14 00:54:46,574 [INFO] command processing is alive.
2021-07-14 00:59:47,037 [INFO] command processing is alive.
2021-07-14 01:04:47,474 [INFO] command processing is alive.
2021-07-14 01:06:55,067 [INFO] Refreshing listener credentials
2021-07-14 01:06:55,155 [INFO] Scheduling next credential refresh in 1799.0 seconds
2021-07-14 01:09:47,885 [INFO] command processing is alive.
2021-07-14 01:14:48,337 [INFO] command processing is alive.
2021-07-14 01:19:48,759 [INFO] command processing is alive.
2021-07-14 01:24:49,188 [INFO] command processing is alive.
2021-07-14 01:29:49,644 [INFO] command processing is alive.
2021-07-14 01:34:50,243 [INFO] command processing is alive.
2021-07-14 01:36:54,155 [INFO] Refreshing listener credentials
2021-07-14 01:36:54,246 [INFO] Scheduling next credential refresh in 1799.0 seconds
2021-07-14 01:39:50,664 [INFO] command processing is alive.
2021-07-14 01:44:51,091 [INFO] command processing is alive.
2021-07-14 01:49:51,503 [INFO] command processing is alive.
2021-07-14 01:54:51,968 [INFO] command processing is alive.
2021-07-14 01:59:52,380 [INFO] command processing is alive.
2021-07-14 02:04:52,918 [INFO] command processing is alive.
2021-07-14 02:06:53,246 [INFO] Refreshing listener credentials
2021-07-14 02:06:53,335 [INFO] Scheduling next credential refresh in 1799.0 seconds
2021-07-14 02:09:53,456 [INFO] command processing is alive.
2021-07-14 02:14:53,859 [INFO] command processing is alive.
2021-07-14 02:19:54,288 [INFO] command processing is alive.
2021-07-14 02:24:54,770 [INFO] command processing is alive.
2021-07-14 02:29:55,200 [INFO] command processing is alive.
2021-07-14 02:34:55,614 [INFO] command processing is alive.
2021-07-14 02:36:52,335 [INFO] Refreshing listener credentials
2021-07-14 02:36:52,425 [INFO] Scheduling next credential refresh in 1799.0 seconds
2021-07-14 02:39:56,035 [INFO] command processing is alive.
2021-07-14 02:44:56,458 [INFO] command processing is alive.
2021-07-14 02:49:56,863 [INFO] command processing is alive.
2021-07-14 02:54:57,261 [INFO] command processing is alive.
2021-07-14 02:59:57,770 [INFO] command processing is alive.
2021-07-14 03:04:58,175 [INFO] command processing is alive.
2021-07-14 03:06:51,425 [INFO] Refreshing listener credentials
2021-07-14 03:06:51,515 [INFO] Scheduling next credential refresh in 1799.0 seconds
2021-07-14 03:09:58,601 [INFO] command processing is alive.
2021-07-14 03:14:59,038 [INFO] command processing is alive.
2021-07-14 03:19:59,440 [INFO] command processing is alive.
2021-07-14 03:24:59,854 [INFO] command processing is alive.
2021-07-14 03:30:00,278 [INFO] command processing is alive.
2021-07-14 03:35:00,708 [INFO] command processing is alive.
2021-07-14 03:36:50,516 [INFO] Refreshing listener credentials
2021-07-14 03:36:50,605 [INFO] Scheduling next credential refresh in 1799.0 seconds
2021-07-14 03:40:01,110 [INFO] command processing is alive.
2021-07-14 03:45:01,571 [INFO] command processing is alive.
2021-07-14 03:50:01,997 [INFO] command processing is alive.
2021-07-14 03:55:02,423 [INFO] command processing is alive.
2021-07-14 04:00:02,820 [INFO] command processing is alive.
2021-07-14 04:05:03,268 [INFO] command processing is alive.
2021-07-14 04:06:49,605 [INFO] Refreshing listener credentials
2021-07-14 04:06:49,843 [INFO] Scheduling next credential refresh in 1799.0 seconds
2021-07-14 04:10:03,765 [INFO] command processing is alive.
2021-07-14 04:15:04,222 [INFO] command processing is alive.
2021-07-14 04:20:04,755 [INFO] command processing is alive.
2021-07-14 04:25:05,197 [INFO] command processing is alive.
2021-07-14 04:30:05,649 [INFO] command processing is alive.
2021-07-14 04:35:06,043 [INFO] command processing is alive.
2021-07-14 04:36:48,844 [INFO] Refreshing listener credentials
2021-07-14 04:36:48,932 [INFO] Scheduling next credential refresh in 1799.0 seconds
2021-07-14 04:40:06,539 [INFO] command processing is alive.
2021-07-14 04:45:06,948 [INFO] command processing is alive.
2021-07-14 04:50:07,391 [INFO] command processing is alive.
2021-07-14 04:55:07,816 [INFO] command processing is alive.
2021-07-14 05:00:08,222 [INFO] command processing is alive.
2021-07-14 05:05:08,637 [INFO] command processing is alive.
2021-07-14 05:06:47,933 [INFO] Refreshing listener credentials
2021-07-14 05:06:48,018 [INFO] Scheduling next credential refresh in 1799.0 seconds
2021-07-14 05:10:09,049 [INFO] command processing is alive.
2021-07-14 05:15:09,450 [INFO] command processing is alive.
2021-07-14 05:20:09,905 [INFO] command processing is alive.
2021-07-14 05:25:10,321 [INFO] command processing is alive.
2021-07-14 05:30:10,828 [INFO] command processing is alive.
2021-07-14 05:35:11,232 [INFO] command processing is alive.
2021-07-14 05:36:47,019 [INFO] Refreshing listener credentials
2021-07-14 05:36:47,104 [INFO] Scheduling next credential refresh in 1799.0 seconds
2021-07-14 05:40:11,621 [INFO] command processing is alive.
2021-07-14 05:45:12,034 [INFO] command processing is alive.
2021-07-14 05:50:12,443 [INFO] command processing is alive.
2021-07-14 05:55:12,845 [INFO] command processing is alive.
2021-07-14 06:00:13,333 [INFO] command processing is alive.
2021-07-14 06:05:13,732 [INFO] command processing is alive.
2021-07-14 06:06:46,105 [INFO] Refreshing listener credentials
2021-07-14 06:06:46,194 [INFO] Scheduling next credential refresh in 1799.0 seconds
2021-07-14 06:10:14,167 [INFO] command processing is alive.
2021-07-14 06:15:14,576 [INFO] command processing is alive.
2021-07-14 06:20:15,015 [INFO] command processing is alive.
2021-07-14 06:25:15,463 [INFO] command processing is alive.
2021-07-14 06:30:16,025 [INFO] command processing is alive.
2021-07-14 06:35:16,432 [INFO] command processing is alive.
2021-07-14 06:36:45,195 [INFO] Refreshing listener credentials
2021-07-14 06:36:45,284 [INFO] Scheduling next credential refresh in 1799.0 seconds
2021-07-14 06:40:16,859 [INFO] command processing is alive.
2021-07-14 06:45:17,333 [INFO] command processing is alive.
2021-07-14 06:50:17,723 [INFO] command processing is alive.
2021-07-14 06:55:18,147 [INFO] command processing is alive.
2021-07-14 07:00:18,543 [INFO] command processing is alive.
2021-07-14 07:05:18,954 [INFO] command processing is alive.
2021-07-14 07:06:44,284 [INFO] Refreshing listener credentials
2021-07-14 07:06:44,379 [INFO] Scheduling next credential refresh in 1799.0 seconds
2021-07-14 07:10:19,387 [INFO] command processing is alive.
2021-07-14 07:15:19,811 [INFO] command processing is alive.
2021-07-14 07:20:20,218 [INFO] command processing is alive.
2021-07-14 07:25:20,642 [INFO] command processing is alive.
2021-07-14 07:30:21,049 [INFO] command processing is alive.
2021-07-14 07:35:21,533 [INFO] command processing is alive.
2021-07-14 07:36:43,379 [INFO] Refreshing listener credentials
2021-07-14 07:36:43,462 [INFO] Scheduling next credential refresh in 1799.0 seconds
2021-07-14 07:40:21,951 [INFO] command processing is alive.
2021-07-14 07:45:22,368 [INFO] command processing is alive.
2021-07-14 07:50:22,887 [INFO] command processing is alive.
2021-07-14 07:55:23,302 [INFO] command processing is alive.
2021-07-14 08:00:23,764 [INFO] command processing is alive.
2021-07-14 08:05:24,235 [INFO] command processing is alive.
2021-07-14 08:06:42,462 [INFO] Refreshing listener credentials
2021-07-14 08:06:42,561 [INFO] Scheduling next credential refresh in 1799.0 seconds
2021-07-14 08:10:24,745 [INFO] command processing is alive.
2021-07-14 08:15:25,205 [INFO] command processing is alive.
2021-07-14 08:20:25,724 [INFO] command processing is alive.
2021-07-14 08:25:26,191 [INFO] command processing is alive.
2021-07-14 08:30:26,591 [INFO] command processing is alive.
2021-07-14 08:35:27,003 [INFO] command processing is alive.
2021-07-14 08:36:41,561 [INFO] Refreshing listener credentials
2021-07-14 08:36:41,654 [INFO] Scheduling next credential refresh in 1799.0 seconds
2021-07-14 08:40:27,420 [INFO] command processing is alive.
2021-07-14 08:45:27,864 [INFO] command processing is alive.
2021-07-14 08:50:28,277 [INFO] command processing is alive.
2021-07-14 08:55:28,690 [INFO] command processing is alive.
2021-07-14 09:00:29,105 [INFO] command processing is alive.
2021-07-14 09:05:29,510 [INFO] command processing is alive.
2021-07-14 09:06:40,655 [INFO] Refreshing listener credentials
2021-07-14 09:06:40,754 [INFO] Scheduling next credential refresh in 1799.0 seconds
2021-07-14 09:10:29,938 [INFO] command processing is alive.
2021-07-14 09:15:30,348 [INFO] command processing is alive.
2021-07-14 09:20:30,757 [INFO] command processing is alive.
2021-07-14 09:25:31,170 [INFO] command processing is alive.
2021-07-14 09:30:31,589 [INFO] command processing is alive.
2021-07-14 09:35:32,009 [INFO] command processing is alive.
2021-07-14 09:36:39,755 [INFO] Refreshing listener credentials
2021-07-14 09:36:39,839 [INFO] Scheduling next credential refresh in 1799.0 seconds
2021-07-14 09:40:32,437 [INFO] command processing is alive.
2021-07-14 09:45:32,851 [INFO] command processing is alive.
2021-07-14 09:50:33,280 [INFO] command processing is alive.
2021-07-14 09:55:33,735 [INFO] command processing is alive.
2021-07-14 10:00:34,144 [INFO] command processing is alive.
2021-07-14 10:05:34,578 [INFO] command processing is alive.
2021-07-14 10:06:38,839 [INFO] Refreshing listener credentials
2021-07-14 10:06:38,927 [INFO] Scheduling next credential refresh in 1799.0 seconds
2021-07-14 10:10:35,021 [INFO] command processing is alive.
2021-07-14 10:15:35,505 [INFO] command processing is alive.
2021-07-14 10:20:35,980 [INFO] command processing is alive.
2021-07-14 10:25:36,388 [INFO] command processing is alive.
2021-07-14 10:30:36,811 [INFO] command processing is alive.
2021-07-14 10:35:37,277 [INFO] command processing is alive.
2021-07-14 10:36:37,928 [INFO] Refreshing listener credentials
2021-07-14 10:36:38,023 [INFO] Scheduling next credential refresh in 1799.0 seconds
2021-07-14 10:40:37,726 [INFO] command processing is alive.
2021-07-14 10:45:38,127 [INFO] command processing is alive.
2021-07-14 10:50:38,534 [INFO] command processing is alive.
2021-07-14 10:55:38,933 [INFO] command processing is alive.
2021-07-14 11:00:39,330 [INFO] command processing is alive.
2021-07-14 11:05:39,810 [INFO] command processing is alive.
2021-07-14 11:06:37,024 [INFO] Refreshing listener credentials
2021-07-14 11:06:37,118 [INFO] Scheduling next credential refresh in 1799.0 seconds
2021-07-14 11:10:40,239 [INFO] command processing is alive.
2021-07-14 11:15:40,661 [INFO] command processing is alive.
2021-07-14 11:20:41,082 [INFO] command processing is alive.
2021-07-14 11:25:41,630 [INFO] command processing is alive.
2021-07-14 11:30:42,041 [INFO] command processing is alive.
2021-07-14 11:35:42,497 [INFO] command processing is alive.
2021-07-14 11:36:36,118 [INFO] Refreshing listener credentials
2021-07-14 11:36:36,250 [INFO] Scheduling next credential refresh in 1799.0 seconds
2021-07-14 11:40:42,904 [INFO] command processing is alive.
2021-07-14 11:45:43,307 [INFO] command processing is alive.
2021-07-14 11:50:43,761 [INFO] command processing is alive.
2021-07-14 11:55:44,161 [INFO] command processing is alive.
2021-07-14 12:00:44,673 [INFO] command processing is alive.
2021-07-14 12:05:45,273 [INFO] command processing is alive.
2021-07-14 12:06:35,251 [INFO] Refreshing listener credentials
2021-07-14 12:06:35,342 [INFO] Scheduling next credential refresh in 1799.0 seconds
2021-07-14 12:10:45,735 [INFO] command processing is alive.
2021-07-14 12:15:46,150 [INFO] command processing is alive.
2021-07-14 12:20:46,745 [INFO] command processing is alive.
2021-07-14 12:25:47,158 [INFO] command processing is alive.
2021-07-14 12:30:47,552 [INFO] command processing is alive.
2021-07-14 12:35:47,971 [INFO] command processing is alive.
2021-07-14 12:36:34,342 [INFO] Refreshing listener credentials
2021-07-14 12:36:34,434 [INFO] Scheduling next credential refresh in 1799.0 seconds
2021-07-14 12:40:48,379 [INFO] command processing is alive.
2021-07-14 12:45:48,818 [INFO] command processing is alive.
2021-07-14 12:50:49,248 [INFO] command processing is alive.
2021-07-14 12:55:49,644 [INFO] command processing is alive.
2021-07-14 13:00:50,046 [INFO] command processing is alive.
2021-07-14 13:05:50,534 [INFO] command processing is alive.
2021-07-14 13:06:33,435 [INFO] Refreshing listener credentials
2021-07-14 13:06:33,531 [INFO] Scheduling next credential refresh in 1799.0 seconds
2021-07-14 13:10:50,958 [INFO] command processing is alive.
2021-07-14 13:15:51,438 [INFO] command processing is alive.
2021-07-14 13:20:51,856 [INFO] command processing is alive.
2021-07-14 13:25:52,280 [INFO] command processing is alive.
2021-07-14 13:30:52,712 [INFO] command processing is alive.
2021-07-14 13:35:53,270 [INFO] command processing is alive.
2021-07-14 13:36:32,532 [INFO] Refreshing listener credentials
2021-07-14 13:36:32,617 [INFO] Scheduling next credential refresh in 1799.0 seconds
2021-07-14 13:40:53,671 [INFO] command processing is alive.
2021-07-14 13:45:54,085 [INFO] command processing is alive.
2021-07-14 13:50:54,565 [INFO] command processing is alive.
2021-07-14 13:55:54,966 [INFO] command processing is alive.
2021-07-14 14:00:55,375 [INFO] command processing is alive.
2021-07-14 14:05:55,788 [INFO] command processing is alive.
2021-07-14 14:06:31,617 [INFO] Refreshing listener credentials
2021-07-14 14:06:31,760 [INFO] Scheduling next credential refresh in 1799.0 seconds
2021-07-14 14:06:58,416 [INFO] Received command ElasticBeanstalkCommand-AWSEBAutoScalingGroup (invocation id: 7a520bd8-cb5e-4919-8a3a-8d7f8e48d3de)
2021-07-14 14:06:58,416 [INFO] Running action for aws-eb-command-handler
2021-07-14 14:07:03,056 [INFO] Action for aws-eb-command-handler succeeded, returning SUCCESS
2021-07-14 14:10:09,316 [INFO] Received command ElasticBeanstalkCommand-AWSEBAutoScalingGroup (invocation id: 6afec93e-5f00-4b6b-b91b-ed54e281fdc7)
2021-07-14 14:10:09,316 [INFO] Running action for aws-eb-command-handler
2021-07-14 14:10:13,872 [INFO] Action for aws-eb-command-handler succeeded, returning SUCCESS
2021-07-14 14:11:14,056 [INFO] command processing is alive.
2021-07-14 14:12:21,978 [INFO] Received command ElasticBeanstalkCommand-AWSEBAutoScalingGroup (invocation id: 5c292e1b-5593-4228-9cfa-29eda9a808ab)
2021-07-14 14:12:21,978 [INFO] Running action for aws-eb-command-handler
