[2021-07-13T15:07:06Z] Started EB User Data
+ SLEEP_TIME=10
+ SLEEP_TIME_MAX=3600
+ true
+ curl https://elasticbeanstalk-platform-assets-us-east-1.s3.amazonaws.com/stalks/eb_tomcat85corretto11_amazon_linux_2_1.0.770.0_20210624221801/lib/UserDataScript.sh
  % Total    % Received % Xferd  Average Speed   Time    Time     Time  Current
                                 Dload  Upload   Total   Spent    Left  Speed
  0     0    0     0    0     0      0      0 --:--:-- --:--:-- --:--:--     0100  4627  100  4627    0     0  78423      0 --:--:-- --:--:-- --:--:-- 78423
+ RESULT=0
+ [[ 0 -ne 0 ]]
+ SLEEP_TIME=2
+ /bin/bash /tmp/ebbootstrap.sh 'https://cloudformation-waitcondition-us-east-1.s3.amazonaws.com/arn%3Aaws%3Acloudformation%3Aus-east-1%3A370366066475%3Astack/awseb-e-prx8chapm8-stack/c593f580-e3eb-11eb-a53c-0ed4cff9b69d/AWSEBInstanceLaunchWaitHandle?X-Amz-Algorithm=AWS4-HMAC-SHA256&X-Amz-Date=20210713T150541Z&X-Amz-SignedHeaders=host&X-Amz-Expires=86399&X-Amz-Credential=AKIAIIT3CWAIMJYUTISA%2F20210713%2Fus-east-1%2Fs3%2Faws4_request&X-Amz-Signature=31dc2c1b68f467b7aafbd275df18cc17069d2b6e2fcafc58bd770f41b35a1394' arn:aws:cloudformation:us-east-1:370366066475:stack/awseb-e-prx8chapm8-stack/c593f580-e3eb-11eb-a53c-0ed4cff9b69d 495a23e8-ab31-438a-9abd-a80fd9bba03b https://elasticbeanstalk-health.us-east-1.amazonaws.com '' https://elasticbeanstalk-platform-assets-us-east-1.s3.amazonaws.com/stalks/eb_tomcat85corretto11_amazon_linux_2_1.0.770.0_20210624221801 us-east-1
[2021-07-13T15:07:06.509Z] Started EB Bootstrapping Script.
[2021-07-13T15:07:06.525Z] Received parameters:
 TARBALLS = 
 EB_GEMS = 
 SIGNAL_URL = https://cloudformation-waitcondition-us-east-1.s3.amazonaws.com/arn%3Aaws%3Acloudformation%3Aus-east-1%3A370366066475%3Astack/awseb-e-prx8chapm8-stack/c593f580-e3eb-11eb-a53c-0ed4cff9b69d/AWSEBInstanceLaunchWaitHandle?X-Amz-Algorithm=AWS4-HMAC-SHA256&X-Amz-Date=20210713T150541Z&X-Amz-SignedHeaders=host&X-Amz-Expires=86399&X-Amz-Credential=AKIAIIT3CWAIMJYUTISA%2F20210713%2Fus-east-1%2Fs3%2Faws4_request&X-Amz-Signature=31dc2c1b68f467b7aafbd275df18cc17069d2b6e2fcafc58bd770f41b35a1394
 STACK_ID = arn:aws:cloudformation:us-east-1:370366066475:stack/awseb-e-prx8chapm8-stack/c593f580-e3eb-11eb-a53c-0ed4cff9b69d
 REGION = us-east-1
 GUID = 
 HEALTHD_GROUP_ID = 495a23e8-ab31-438a-9abd-a80fd9bba03b
 HEALTHD_ENDPOINT = https://elasticbeanstalk-health.us-east-1.amazonaws.com
 PROXY_SERVER = 
 HEALTHD_PROXY_LOG_LOCATION = 
 PLATFORM_ASSETS_URL = https://elasticbeanstalk-platform-assets-us-east-1.s3.amazonaws.com/stalks/eb_tomcat85corretto11_amazon_linux_2_1.0.770.0_20210624221801
[2021-07-13T15:07:06.603Z] engine url is set to https://elasticbeanstalk-platform-assets-us-east-1.s3.amazonaws.com/stalks/eb_tomcat85corretto11_amazon_linux_2_1.0.770.0_20210624221801/lib/platform-engine.zip
[2021-07-13T15:07:06.617Z] first init of instance.
[2021-07-13T15:07:06.633Z] Started executing cfn_init _OnInstanceBoot.
[2021-07-13T15:07:06.652Z] Running cfn-init ConfigSet: _OnInstanceBoot.
[2021-07-13T15:07:06.675Z] Using stack-id from userdata
[2021-07-13T15:07:07.784Z] Command Returned: 
[2021-07-13T15:07:07.790Z] Completed executing cfn_init.
[2021-07-13T15:07:07.797Z] finished _OnInstanceBoot
--2021-07-13 15:07:07--  https://elasticbeanstalk-platform-assets-us-east-1.s3.amazonaws.com/stalks/eb_tomcat85corretto11_amazon_linux_2_1.0.770.0_20210624221801/lib/platform-engine.zip
Resolving elasticbeanstalk-platform-assets-us-east-1.s3.amazonaws.com (elasticbeanstalk-platform-assets-us-east-1.s3.amazonaws.com)... 52.217.82.60
Connecting to elasticbeanstalk-platform-assets-us-east-1.s3.amazonaws.com (elasticbeanstalk-platform-assets-us-east-1.s3.amazonaws.com)|52.217.82.60|:443... connected.
HTTP request sent, awaiting response... 200 OK
Length: 20573449 (20M) [application/zip]
Saving to: ‘/tmp/platform-engine.zip’

     0K .......... .......... .......... .......... ..........  0% 10.3M 2s
    50K .......... .......... .......... .......... ..........  0% 11.0M 2s
   100K .......... .......... .......... .......... ..........  0%  116M 1s
   150K .......... .......... .......... .......... ..........  0% 9.33M 1s
   200K .......... .......... .......... .......... ..........  1%  112M 1s
   250K .......... .......... .......... .......... ..........  1% 76.5M 1s
   300K .......... .......... .......... .......... ..........  1% 62.7M 1s
   350K .......... .......... .......... .......... ..........  1%  101M 1s
   400K .......... .......... .......... .......... ..........  2% 60.5M 1s
   450K .......... .......... .......... .......... ..........  2% 65.8M 1s
   500K .......... .......... .......... .......... ..........  2%  102M 1s
   550K .......... .......... .......... .......... ..........  2% 54.2M 1s
   600K .......... .......... .......... .......... ..........  3% 16.9M 1s
   650K .......... .......... .......... .......... ..........  3%  111M 1s
   700K .......... .......... .......... .......... ..........  3% 55.8M 1s
   750K .......... .......... .......... .......... ..........  3% 72.1M 1s
   800K .......... .......... .......... .......... ..........  4% 57.9M 1s
   850K .......... .......... .......... .......... ..........  4% 64.0M 1s
   900K .......... .......... .......... .......... ..........  4% 61.8M 1s
   950K .......... .......... .......... .......... ..........  4% 7.31M 1s
  1000K .......... .......... .......... .......... ..........  5%  104M 1s
  1050K .......... .......... .......... .......... ..........  5% 69.5M 1s
  1100K .......... .......... .......... .......... ..........  5% 64.9M 1s
  1150K .......... .......... .......... .......... ..........  5% 68.1M 1s
  1200K .......... .......... .......... .......... ..........  6% 74.8M 1s
  1250K .......... .......... .......... .......... ..........  6% 76.8M 1s
  1300K .......... .......... .......... .......... ..........  6% 73.3M 1s
  1350K .......... .......... .......... .......... ..........  6% 78.1M 1s
  1400K .......... .......... .......... .......... ..........  7% 75.9M 1s
  1450K .......... .......... .......... .......... ..........  7% 78.0M 1s
  1500K .......... .......... .......... .......... ..........  7% 70.1M 0s
  1550K .......... .......... .......... .......... ..........  7% 95.0M 0s
  1600K .......... .......... .......... .......... ..........  8% 77.1M 0s
  1650K .......... .......... .......... .......... ..........  8% 72.7M 0s
  1700K .......... .......... .......... .......... ..........  8% 9.03M 1s
  1750K .......... .......... .......... .......... ..........  8%  125M 0s
  1800K .......... .......... .......... .......... ..........  9%  115M 0s
  1850K .......... .......... .......... .......... ..........  9%  112M 0s
  1900K .......... .......... .......... .......... ..........  9% 61.0M 0s
  1950K .......... .......... .......... .......... ..........  9% 54.4M 0s
  2000K .......... .......... .......... .......... .......... 10% 68.2M 0s
  2050K .......... .......... .......... .......... .......... 10% 68.2M 0s
  2100K .......... .......... .......... .......... .......... 10% 64.1M 0s
  2150K .......... .......... .......... .......... .......... 10% 65.2M 0s
  2200K .......... .......... .......... .......... .......... 11% 62.5M 0s
  2250K .......... .......... .......... .......... .......... 11% 65.0M 0s
  2300K .......... .......... .......... .......... .......... 11% 7.76M 0s
  2350K .......... .......... .......... .......... .......... 11% 89.0M 0s
  2400K .......... .......... .......... .......... .......... 12% 63.4M 0s
  2450K .......... .......... .......... .......... .......... 12% 59.3M 0s
  2500K .......... .......... .......... .......... .......... 12% 61.6M 0s
  2550K .......... .......... .......... .......... .......... 12% 62.4M 0s
  2600K .......... .......... .......... .......... .......... 13% 59.7M 0s
  2650K .......... .......... .......... .......... .......... 13% 55.7M 0s
  2700K .......... .......... .......... .......... .......... 13% 58.9M 0s
  2750K .......... .......... .......... .......... .......... 13% 58.0M 0s
  2800K .......... .......... .......... .......... .......... 14% 58.3M 0s
  2850K .......... .......... .......... .......... .......... 14% 55.2M 0s
  2900K .......... .......... .......... .......... .......... 14% 7.41M 0s
  2950K .......... .......... .......... .......... .......... 14%  111M 0s
  3000K .......... .......... .......... .......... .......... 15%  106M 0s
  3050K .......... .......... .......... .......... .......... 15% 55.2M 0s
  3100K .......... .......... .......... .......... .......... 15% 66.6M 0s
  3150K .......... .......... .......... .......... .......... 15% 57.8M 0s
  3200K .......... .......... .......... .......... .......... 16% 63.1M 0s
  3250K .......... .......... .......... .......... .......... 16% 55.4M 0s
  3300K .......... .......... .......... .......... .......... 16% 72.8M 0s
  3350K .......... .......... .......... .......... .......... 16%  108M 0s
  3400K .......... .......... .......... .......... .......... 17% 66.4M 0s
  3450K .......... .......... .......... .......... .......... 17% 66.0M 0s
  3500K .......... .......... .......... .......... .......... 17% 59.7M 0s
  3550K .......... .......... .......... .......... .......... 17% 6.91M 0s
  3600K .......... .......... .......... .......... .......... 18% 98.5M 0s
  3650K .......... .......... .......... .......... .......... 18%  109M 0s
  3700K .......... .......... .......... .......... .......... 18% 82.2M 0s
  3750K .......... .......... .......... .......... .......... 18% 68.5M 0s
  3800K .......... .......... .......... .......... .......... 19% 74.7M 0s
  3850K .......... .......... .......... .......... .......... 19% 85.5M 0s
  3900K .......... .......... .......... .......... .......... 19% 71.9M 0s
  3950K .......... .......... .......... .......... .......... 19% 81.6M 0s
  4000K .......... .......... .......... .......... .......... 20% 68.6M 0s
  4050K .......... .......... .......... .......... .......... 20% 67.7M 0s
  4100K .......... .......... .......... .......... .......... 20% 71.1M 0s
  4150K .......... .......... .......... .......... .......... 20% 76.5M 0s
  4200K .......... .......... .......... .......... .......... 21% 72.1M 0s
  4250K .......... .......... .......... .......... .......... 21% 81.6M 0s
  4300K .......... .......... .......... .......... .......... 21% 77.7M 0s
  4350K .......... .......... .......... .......... .......... 21% 69.1M 0s
  4400K .......... .......... .......... .......... .......... 22% 7.73M 0s
  4450K .......... .......... .......... .......... .......... 22%  115M 0s
  4500K .......... .......... .......... .......... .......... 22% 81.0M 0s
  4550K .......... .......... .......... .......... .......... 22% 70.9M 0s
  4600K .......... .......... .......... .......... .......... 23% 75.1M 0s
  4650K .......... .......... .......... .......... .......... 23% 69.4M 0s
  4700K .......... .......... .......... .......... .......... 23% 79.2M 0s
  4750K .......... .......... .......... .......... .......... 23% 77.9M 0s
  4800K .......... .......... .......... .......... .......... 24% 64.7M 0s
  4850K .......... .......... .......... .......... .......... 24% 71.6M 0s
  4900K .......... .......... .......... .......... .......... 24% 69.9M 0s
  4950K .......... .......... .......... .......... .......... 24% 67.9M 0s
  5000K .......... .......... .......... .......... .......... 25% 69.2M 0s
  5050K .......... .......... .......... .......... .......... 25% 69.4M 0s
  5100K .......... .......... .......... .......... .......... 25% 7.75M 0s
  5150K .......... .......... .......... .......... .......... 25%  120M 0s
  5200K .......... .......... .......... .......... .......... 26% 98.2M 0s
  5250K .......... .......... .......... .......... .......... 26% 56.8M 0s
  5300K .......... .......... .......... .......... .......... 26% 82.4M 0s
  5350K .......... .......... .......... .......... .......... 26% 69.7M 0s
  5400K .......... .......... .......... .......... .......... 27% 63.7M 0s
  5450K .......... .......... .......... .......... .......... 27% 58.1M 0s
  5500K .......... .......... .......... .......... .......... 27% 64.5M 0s
  5550K .......... .......... .......... .......... .......... 27% 61.4M 0s
  5600K .......... .......... .......... .......... .......... 28% 64.1M 0s
  5650K .......... .......... .......... .......... .......... 28% 62.9M 0s
  5700K .......... .......... .......... .......... .......... 28% 58.4M 0s
  5750K .......... .......... .......... .......... .......... 28% 7.31M 0s
  5800K .......... .......... .......... .......... .......... 29%  107M 0s
  5850K .......... .......... .......... .......... .......... 29%  108M 0s
  5900K .......... .......... .......... .......... .......... 29% 66.8M 0s
  5950K .......... .......... .......... .......... .......... 29% 65.3M 0s
  6000K .......... .......... .......... .......... .......... 30% 58.9M 0s
  6050K .......... .......... .......... .......... .......... 30% 52.2M 0s
  6100K .......... .......... .......... .......... .......... 30% 98.6M 0s
  6150K .......... .......... .......... .......... .......... 30% 62.1M 0s
  6200K .......... .......... .......... .......... .......... 31% 54.6M 0s
  6250K .......... .......... .......... .......... .......... 31% 59.4M 0s
  6300K .......... .......... .......... .......... .......... 31% 77.4M 0s
  6350K .......... .......... .......... .......... .......... 31% 69.2M 0s
  6400K .......... .......... .......... .......... .......... 32%  127M 0s
  6450K .......... .......... .......... .......... .......... 32% 7.86M 0s
  6500K .......... .......... .......... .......... .......... 32%  109M 0s
  6550K .......... .......... .......... .......... .......... 32% 83.0M 0s
  6600K .......... .......... .......... .......... .......... 33% 61.6M 0s
  6650K .......... .......... .......... .......... .......... 33% 82.9M 0s
  6700K .......... .......... .......... .......... .......... 33% 80.6M 0s
  6750K .......... .......... .......... .......... .......... 33% 49.4M 0s
  6800K .......... .......... .......... .......... .......... 34% 74.1M 0s
  6850K .......... .......... .......... .......... .......... 34% 62.9M 0s
  6900K .......... .......... .......... .......... .......... 34% 55.1M 0s
  6950K .......... .......... .......... .......... .......... 34% 67.9M 0s
  7000K .......... .......... .......... .......... .......... 35% 63.7M 0s
  7050K .......... .......... .......... .......... .......... 35% 7.37M 0s
  7100K .......... .......... .......... .......... .......... 35%  104M 0s
  7150K .......... .......... .......... .......... .......... 35% 98.0M 0s
  7200K .......... .......... .......... .......... .......... 36% 97.6M 0s
  7250K .......... .......... .......... .......... .......... 36%  120M 0s
  7300K .......... .......... .......... .......... .......... 36%  106M 0s
  7350K .......... .......... .......... .......... .......... 36%  112M 0s
  7400K .......... .......... .......... .......... .......... 37%  108M 0s
  7450K .......... .......... .......... .......... .......... 37%  103M 0s
  7500K .......... .......... .......... .......... .......... 37% 76.8M 0s
  7550K .......... .......... .......... .......... .......... 37%  107M 0s
  7600K .......... .......... .......... .......... .......... 38%  110M 0s
  7650K .......... .......... .......... .......... .......... 38% 88.0M 0s
  7700K .......... .......... .......... .......... .......... 38% 69.2M 0s
  7750K .......... .......... .......... .......... .......... 38% 57.9M 0s
  7800K .......... .......... .......... .......... .......... 39% 61.7M 0s
  7850K .......... .......... .......... .......... .......... 39% 63.3M 0s
  7900K .......... .......... .......... .......... .......... 39% 58.0M 0s
  7950K .......... .......... .......... .......... .......... 39% 7.57M 0s
  8000K .......... .......... .......... .......... .......... 40%  116M 0s
  8050K .......... .......... .......... .......... .......... 40%  106M 0s
  8100K .......... .......... .......... .......... .......... 40% 83.9M 0s
  8150K .......... .......... .......... .......... .......... 40% 57.8M 0s
  8200K .......... .......... .......... .......... .......... 41% 57.8M 0s
  8250K .......... .......... .......... .......... .......... 41% 56.1M 0s
  8300K .......... .......... .......... .......... .......... 41% 55.7M 0s
  8350K .......... .......... .......... .......... .......... 41% 59.7M 0s
  8400K .......... .......... .......... .......... .......... 42% 70.1M 0s
  8450K .......... .......... .......... .......... .......... 42% 63.3M 0s
  8500K .......... .......... .......... .......... .......... 42%  122M 0s
  8550K .......... .......... .......... .......... .......... 42% 79.1M 0s
  8600K .......... .......... .......... .......... .......... 43% 65.5M 0s
  8650K .......... .......... .......... .......... .......... 43% 8.17M 0s
  8700K .......... .......... .......... .......... .......... 43%  115M 0s
  8750K .......... .......... .......... .......... .......... 43%  108M 0s
  8800K .......... .......... .......... .......... .......... 44% 94.0M 0s
  8850K .......... .......... .......... .......... .......... 44% 56.5M 0s
  8900K .......... .......... .......... .......... .......... 44% 62.9M 0s
  8950K .......... .......... .......... .......... .......... 44% 63.8M 0s
  9000K .......... .......... .......... .......... .......... 45% 63.5M 0s
  9050K .......... .......... .......... .......... .......... 45% 57.8M 0s
  9100K .......... .......... .......... .......... .......... 45% 61.7M 0s
  9150K .......... .......... .......... .......... .......... 45% 57.1M 0s
  9200K .......... .......... .......... .......... .......... 46% 86.5M 0s
  9250K .......... .......... .......... .......... .......... 46% 93.1M 0s
  9300K .......... .......... .......... .......... .......... 46% 7.55M 0s
  9350K .......... .......... .......... .......... .......... 46%  123M 0s
  9400K .......... .......... .......... .......... .......... 47%  128M 0s
  9450K .......... .......... .......... .......... .......... 47% 91.6M 0s
  9500K .......... .......... .......... .......... .......... 47%  113M 0s
  9550K .......... .......... .......... .......... .......... 47% 79.5M 0s
  9600K .......... .......... .......... .......... .......... 48% 62.3M 0s
  9650K .......... .......... .......... .......... .......... 48% 53.5M 0s
  9700K .......... .......... .......... .......... .......... 48% 60.0M 0s
  9750K .......... .......... .......... .......... .......... 48% 62.4M 0s
  9800K .......... .......... .......... .......... .......... 49% 78.7M 0s
  9850K .......... .......... .......... .......... .......... 49% 71.3M 0s
  9900K .......... .......... .......... .......... .......... 49% 54.5M 0s
  9950K .......... .......... .......... .......... .......... 49% 68.7M 0s
 10000K .......... .......... .......... .......... .......... 50% 78.6M 0s
 10050K .......... .......... .......... .......... .......... 50% 9.28M 0s
 10100K .......... .......... .......... .......... .......... 50%  109M 0s
 10150K .......... .......... .......... .......... .......... 50%  111M 0s
 10200K .......... .......... .......... .......... .......... 51% 91.8M 0s
 10250K .......... .......... .......... .......... .......... 51%  125M 0s
 10300K .......... .......... .......... .......... .......... 51%  108M 0s
 10350K .......... .......... .......... .......... .......... 51%  113M 0s
 10400K .......... .......... .......... .......... .......... 52%  111M 0s
 10450K .......... .......... .......... .......... .......... 52%  110M 0s
 10500K .......... .......... .......... .......... .......... 52%  112M 0s
 10550K .......... .......... .......... .......... .......... 52% 83.7M 0s
 10600K .......... .......... .......... .......... .......... 53% 68.4M 0s
 10650K .......... .......... .......... .......... .......... 53% 98.6M 0s
 10700K .......... .......... .......... .......... .......... 53%  103M 0s
 10750K .......... .......... .......... .......... .......... 53% 72.0M 0s
 10800K .......... .......... .......... .......... .......... 54% 7.74M 0s
 10850K .......... .......... .......... .......... .......... 54%  113M 0s
 10900K .......... .......... .......... .......... .......... 54%  114M 0s
 10950K .......... .......... .......... .......... .......... 54% 77.4M 0s
 11000K .......... .......... .......... .......... .......... 54% 68.5M 0s
 11050K .......... .......... .......... .......... .......... 55% 8.18M 0s
 11100K .......... .......... .......... .......... .......... 55%  117M 0s
 11150K .......... .......... .......... .......... .......... 55% 88.2M 0s
 11200K .......... .......... .......... .......... .......... 55% 95.1M 0s
 11250K .......... .......... .......... .......... .......... 56% 91.4M 0s
 11300K .......... .......... .......... .......... .......... 56% 68.4M 0s
 11350K .......... .......... .......... .......... .......... 56% 68.2M 0s
 11400K .......... .......... .......... .......... .......... 56% 65.3M 0s
 11450K .......... .......... .......... .......... .......... 57% 71.1M 0s
 11500K .......... .......... .......... .......... .......... 57% 80.2M 0s
 11550K .......... .......... .......... .......... .......... 57% 69.5M 0s
 11600K .......... .......... .......... .......... .......... 57% 72.7M 0s
 11650K .......... .......... .......... .......... .......... 58% 66.3M 0s
 11700K .......... .......... .......... .......... .......... 58% 62.4M 0s
 11750K .......... .......... .......... .......... .......... 58% 7.26M 0s
 11800K .......... .......... .......... .......... .......... 58%  106M 0s
 11850K .......... .......... .......... .......... .......... 59% 91.5M 0s
 11900K .......... .......... .......... .......... .......... 59% 72.6M 0s
 11950K .......... .......... .......... .......... .......... 59% 76.4M 0s
 12000K .......... .......... .......... .......... .......... 59%  109M 0s
 12050K .......... .......... .......... .......... .......... 60%  104M 0s
 12100K .......... .......... .......... .......... .......... 60% 78.0M 0s
 12150K .......... .......... .......... .......... .......... 60% 67.8M 0s
 12200K .......... .......... .......... .......... .......... 60% 65.1M 0s
 12250K .......... .......... .......... .......... .......... 61% 69.6M 0s
 12300K .......... .......... .......... .......... .......... 61% 66.5M 0s
 12350K .......... .......... .......... .......... .......... 61% 75.6M 0s
 12400K .......... .......... .......... .......... .......... 61% 70.1M 0s
 12450K .......... .......... .......... .......... .......... 62% 41.2M 0s
 12500K .......... .......... .......... .......... .......... 62% 9.48M 0s
 12550K .......... .......... .......... .......... .......... 62%  102M 0s
 12600K .......... .......... .......... .......... .......... 62% 92.0M 0s
 12650K .......... .......... .......... .......... .......... 63%  112M 0s
 12700K .......... .......... .......... .......... .......... 63% 74.2M 0s
 12750K .......... .......... .......... .......... .......... 63% 71.2M 0s
 12800K .......... .......... .......... .......... .......... 63% 74.4M 0s
 12850K .......... .......... .......... .......... .......... 64% 71.7M 0s
 12900K .......... .......... .......... .......... .......... 64% 71.9M 0s
 12950K .......... .......... .......... .......... .......... 64% 71.4M 0s
 13000K .......... .......... .......... .......... .......... 64% 64.4M 0s
 13050K .......... .......... .......... .......... .......... 65% 65.9M 0s
 13100K .......... .......... .......... .......... .......... 65% 8.15M 0s
 13150K .......... .......... .......... .......... .......... 65%  110M 0s
 13200K .......... .......... .......... .......... .......... 65% 90.3M 0s
 13250K .......... .......... .......... .......... .......... 66% 88.5M 0s
 13300K .......... .......... .......... .......... .......... 66%  107M 0s
 13350K .......... .......... .......... .......... .......... 66%  109M 0s
 13400K .......... .......... .......... .......... .......... 66% 64.4M 0s
 13450K .......... .......... .......... .......... .......... 67% 68.6M 0s
 13500K .......... .......... .......... .......... .......... 67% 68.7M 0s
 13550K .......... .......... .......... .......... .......... 67% 64.8M 0s
 13600K .......... .......... .......... .......... .......... 67% 74.1M 0s
 13650K .......... .......... .......... .......... .......... 68% 79.9M 0s
 13700K .......... .......... .......... .......... .......... 68% 72.5M 0s
 13750K .......... .......... .......... .......... .......... 68% 69.4M 0s
 13800K .......... .......... .......... .......... .......... 68% 7.89M 0s
 13850K .......... .......... .......... .......... .......... 69%  105M 0s
 13900K .......... .......... .......... .......... .......... 69% 86.8M 0s
 13950K .......... .......... .......... .......... .......... 69%  104M 0s
 14000K .......... .......... .......... .......... .......... 69%  110M 0s
 14050K .......... .......... .......... .......... .......... 70% 86.9M 0s
 14100K .......... .......... .......... .......... .......... 70% 60.9M 0s
 14150K .......... .......... .......... .......... .......... 70% 70.5M 0s
 14200K .......... .......... .......... .......... .......... 70% 71.9M 0s
 14250K .......... .......... .......... .......... .......... 71% 70.0M 0s
 14300K .......... .......... .......... .......... .......... 71% 70.0M 0s
 14350K .......... .......... .......... .......... .......... 71% 68.4M 0s
 14400K .......... .......... .......... .......... .......... 71% 69.8M 0s
 14450K .......... .......... .......... .......... .......... 72% 74.4M 0s
 14500K .......... .......... .......... .......... .......... 72% 7.77M 0s
 14550K .......... .......... .......... .......... .......... 72% 72.1M 0s
 14600K .......... .......... .......... .......... .......... 72% 81.6M 0s
 14650K .......... .......... .......... .......... .......... 73% 69.0M 0s
 14700K .......... .......... .......... .......... .......... 73% 70.7M 0s
 14750K .......... .......... .......... .......... .......... 73% 77.4M 0s
 14800K .......... .......... .......... .......... .......... 73% 86.8M 0s
 14850K .......... .......... .......... .......... .......... 74% 62.2M 0s
 14900K .......... .......... .......... .......... .......... 74% 92.2M 0s
 14950K .......... .......... .......... .......... .......... 74% 89.3M 0s
 15000K .......... .......... .......... .......... .......... 74% 64.2M 0s
 15050K .......... .......... .......... .......... .......... 75% 67.9M 0s
 15100K .......... .......... .......... .......... .......... 75% 70.6M 0s
 15150K .......... .......... .......... .......... .......... 75% 8.81M 0s
 15200K .......... .......... .......... .......... .......... 75% 77.8M 0s
 15250K .......... .......... .......... .......... .......... 76% 80.5M 0s
 15300K .......... .......... .......... .......... .......... 76% 72.6M 0s
 15350K .......... .......... .......... .......... .......... 76% 85.5M 0s
 15400K .......... .......... .......... .......... .......... 76% 58.4M 0s
 15450K .......... .......... .......... .......... .......... 77% 69.6M 0s
 15500K .......... .......... .......... .......... .......... 77% 70.6M 0s
 15550K .......... .......... .......... .......... .......... 77% 73.2M 0s
 15600K .......... .......... .......... .......... .......... 77% 78.5M 0s
 15650K .......... .......... .......... .......... .......... 78% 78.8M 0s
 15700K .......... .......... .......... .......... .......... 78% 8.69M 0s
 15750K .......... .......... .......... .......... .......... 78%  125M 0s
 15800K .......... .......... .......... .......... .......... 78% 96.6M 0s
 15850K .......... .......... .......... .......... .......... 79% 72.0M 0s
 15900K .......... .......... .......... .......... .......... 79% 70.4M 0s
 15950K .......... .......... .......... .......... .......... 79% 84.4M 0s
 16000K .......... .......... .......... .......... .......... 79% 94.6M 0s
 16050K .......... .......... .......... .......... .......... 80% 71.2M 0s
 16100K .......... .......... .......... .......... .......... 80% 70.1M 0s
 16150K .......... .......... .......... .......... .......... 80% 85.6M 0s
 16200K .......... .......... .......... .......... .......... 80% 78.3M 0s
 16250K .......... .......... .......... .......... .......... 81% 70.9M 0s
 16300K .......... .......... .......... .......... .......... 81% 65.2M 0s
 16350K .......... .......... .......... .......... .......... 81% 8.91M 0s
 16400K .......... .......... .......... .......... .......... 81%  110M 0s
 16450K .......... .......... .......... .......... .......... 82% 69.4M 0s
 16500K .......... .......... .......... .......... .......... 82% 59.1M 0s
 16550K .......... .......... .......... .......... .......... 82% 73.9M 0s
 16600K .......... .......... .......... .......... .......... 82% 86.2M 0s
 16650K .......... .......... .......... .......... .......... 83% 68.3M 0s
 16700K .......... .......... .......... .......... .......... 83% 75.4M 0s
 16750K .......... .......... .......... .......... .......... 83% 78.6M 0s
 16800K .......... .......... .......... .......... .......... 83% 69.4M 0s
 16850K .......... .......... .......... .......... .......... 84% 68.0M 0s
 16900K .......... .......... .......... .......... .......... 84% 9.76M 0s
 16950K .......... .......... .......... .......... .......... 84%  112M 0s
 17000K .......... .......... .......... .......... .......... 84%  123M 0s
 17050K .......... .......... .......... .......... .......... 85%  127M 0s
 17100K .......... .......... .......... .......... .......... 85%  109M 0s
 17150K .......... .......... .......... .......... .......... 85% 64.8M 0s
 17200K .......... .......... .......... .......... .......... 85% 68.0M 0s
 17250K .......... .......... .......... .......... .......... 86% 68.4M 0s
 17300K .......... .......... .......... .......... .......... 86% 74.0M 0s
 17350K .......... .......... .......... .......... .......... 86% 74.7M 0s
 17400K .......... .......... .......... .......... .......... 86% 68.7M 0s
 17450K .......... .......... .......... .......... .......... 87% 73.3M 0s
 17500K .......... .......... .......... .......... .......... 87% 9.23M 0s
 17550K .......... .......... .......... .......... .......... 87%  111M 0s
 17600K .......... .......... .......... .......... .......... 87% 71.6M 0s
 17650K .......... .......... .......... .......... .......... 88% 71.3M 0s
 17700K .......... .......... .......... .......... .......... 88% 71.8M 0s
 17750K .......... .......... .......... .......... .......... 88% 69.3M 0s
 17800K .......... .......... .......... .......... .......... 88% 71.1M 0s
 17850K .......... .......... .......... .......... .......... 89% 81.9M 0s
 17900K .......... .......... .......... .......... .......... 89% 82.0M 0s
 17950K .......... .......... .......... .......... .......... 89% 72.1M 0s
 18000K .......... .......... .......... .......... .......... 89% 73.8M 0s
 18050K .......... .......... .......... .......... .......... 90% 64.0M 0s
 18100K .......... .......... .......... .......... .......... 90% 9.03M 0s
 18150K .......... .......... .......... .......... .......... 90% 98.3M 0s
 18200K .......... .......... .......... .......... .......... 90% 70.1M 0s
 18250K .......... .......... .......... .......... .......... 91% 71.7M 0s
 18300K .......... .......... .......... .......... .......... 91% 78.0M 0s
 18350K .......... .......... .......... .......... .......... 91% 69.6M 0s
 18400K .......... .......... .......... .......... .......... 91% 71.4M 0s
 18450K .......... .......... .......... .......... .......... 92% 73.6M 0s
 18500K .......... .......... .......... .......... .......... 92% 64.5M 0s
 18550K .......... .......... .......... .......... .......... 92% 65.4M 0s
 18600K .......... .......... .......... .......... .......... 92% 73.9M 0s
 18650K .......... .......... .......... .......... .......... 93% 73.5M 0s
 18700K .......... .......... .......... .......... .......... 93% 7.60M 0s
 18750K .......... .......... .......... .......... .......... 93%  110M 0s
 18800K .......... .......... .......... .......... .......... 93% 54.3M 0s
 18850K .......... .......... .......... .......... .......... 94% 56.5M 0s
 18900K .......... .......... .......... .......... .......... 94% 66.1M 0s
 18950K .......... .......... .......... .......... .......... 94% 55.4M 0s
 19000K .......... .......... .......... .......... .......... 94% 54.5M 0s
 19050K .......... .......... .......... .......... .......... 95%  107M 0s
 19100K .......... .......... .......... .......... .......... 95%  112M 0s
 19150K .......... .......... .......... .......... .......... 95%  127M 0s
 19200K .......... .......... .......... .......... .......... 95%  109M 0s
 19250K .......... .......... .......... .......... .......... 96%  111M 0s
 19300K .......... .......... .......... .......... .......... 96%  110M 0s
 19350K .......... .......... .......... .......... .......... 96%  113M 0s
 19400K .......... .......... .......... .......... .......... 96%  100M 0s
 19450K .......... .......... .......... .......... .......... 97%  111M 0s
 19500K .......... .......... .......... .......... .......... 97%  113M 0s
 19550K .......... .......... .......... .......... .......... 97% 9.12M 0s
 19600K .......... .......... .......... .......... .......... 97%  128M 0s
 19650K .......... .......... .......... .......... .......... 98%  111M 0s
 19700K .......... .......... .......... .......... .......... 98%  113M 0s
 19750K .......... .......... .......... .......... .......... 98%  106M 0s
 19800K .......... .......... .......... .......... .......... 98%  106M 0s
 19850K .......... .......... .......... .......... .......... 99%  115M 0s
 19900K .......... .......... .......... .......... .......... 99%  114M 0s
 19950K .......... .......... .......... .......... .......... 99%  111M 0s
 20000K .......... .......... .......... .......... .......... 99%  130M 0s
 20050K .......... .......... .......... .......... .         100%  117M=0.4s

2021-07-13 15:07:08 (45.7 MB/s) - ‘/tmp/platform-engine.zip’ saved [20573449/20573449]

Archive:  /tmp/platform-engine.zip
  inflating: /opt/elasticbeanstalk/bin/platform-engine  
  inflating: /opt/elasticbeanstalk/bin/get-config  
  inflating: /opt/elasticbeanstalk/bin/publishlogs  
  inflating: /opt/elasticbeanstalk/config/private/aws-eb-command-handler.conf  
  inflating: /opt/elasticbeanstalk/config/private/aws-eb.target  
  inflating: /opt/elasticbeanstalk/config/private/logtasks/cron/publishlogs  
  inflating: /opt/elasticbeanstalk/config/private/beanstalk-magic  
  inflating: /opt/elasticbeanstalk/config/private/nginx/nginx.conf.template  
  inflating: /opt/elasticbeanstalk/config/private/nginx/staticfilesmapping.conf.template  
  inflating: /opt/elasticbeanstalk/config/private/nginx/applicationport.conf.template  
  inflating: /opt/elasticbeanstalk/config/private/guidlocking/repo.py  
  inflating: /opt/elasticbeanstalk/config/private/systemd-append.template  
  inflating: /opt/elasticbeanstalk/config/private/rsyslog.conf.template  
  inflating: /opt/elasticbeanstalk/config/private/httpd/staticfilesmapping.conf.template  
  inflating: /opt/elasticbeanstalk/config/private/httpd/gzip.conf  
  inflating: /opt/elasticbeanstalk/config/private/httpd/applicationport.conf.template  
  inflating: /opt/elasticbeanstalk/config/private/httpd/httpd.conf.template  
  inflating: /opt/elasticbeanstalk/config/private/ruby_common_env  
  inflating: /opt/elasticbeanstalk/config/private/cfn-hup.conf.template  
  inflating: /opt/elasticbeanstalk/config/private/containercommandsupport/container-defaults.sh  
  inflating: /opt/elasticbeanstalk/config/private/containercommandsupport/leader-test.sh  
  inflating: /opt/elasticbeanstalk/config/private/healthd/logcleanup-cron.template  
  inflating: /opt/elasticbeanstalk/config/private/healthd/config.yaml.template  
  inflating: /opt/elasticbeanstalk/config/private/healthd/healthd_logformat.conf  
  inflating: /opt/elasticbeanstalk/config/private/healthd/healthd_httpd.conf  
  inflating: /opt/elasticbeanstalk/config/private/healthd/healthddependency  
  inflating: /opt/elasticbeanstalk/config/private/healthd/healthd_nginx.conf  
  inflating: /opt/elasticbeanstalk/config/private/eb-banner  
  inflating: /opt/elasticbeanstalk/config/private/systemd.template  
 extracting: /opt/elasticbeanstalk/config/private/restartcfn.sh  
  inflating: /opt/elasticbeanstalk/config/private/cfn-hup-wrapper  
  inflating: /opt/elasticbeanstalk/config/private/sqsd/default.yaml.template  
  inflating: /opt/elasticbeanstalk/config/private/sqsd/sqsdversion.json  
  inflating: /opt/elasticbeanstalk/config/private/tomcat/7/logging.properties  
  inflating: /opt/elasticbeanstalk/config/private/tomcat/7/server.xml  
  inflating: /opt/elasticbeanstalk/config/private/tomcat/8.5/logging.properties  
  inflating: /opt/elasticbeanstalk/config/private/tomcat/8.5/server.xml  
  inflating: /opt/elasticbeanstalk/config/private/tomcat/server  
  inflating: /opt/elasticbeanstalk/config/private/logrotate/logrotate.template  
  inflating: /opt/elasticbeanstalk/config/private/logrotate/logrotate-cron.template  
  inflating: /opt/elasticbeanstalk/tasks/bundlelogs.d/cfn-system.conf  
 extracting: /opt/elasticbeanstalk/tasks/bundlelogs.d/cloud-init-system.conf  
  inflating: /opt/elasticbeanstalk/tasks/bundlelogs.d/system.conf  
  inflating: /opt/elasticbeanstalk/tasks/bundlelogs.d/eb-app.conf  
  inflating: /opt/elasticbeanstalk/tasks/bundlelogs.d/eb-system.conf  
 extracting: /opt/elasticbeanstalk/tasks/bundlelogs.d/eb-hooks.conf  
 extracting: /opt/elasticbeanstalk/tasks/bundlelogs.d/rotate.conf  
  inflating: /opt/elasticbeanstalk/tasks/taillogs.d/eb-engine.conf  
 extracting: /opt/elasticbeanstalk/tasks/publishlogs.d/eb-app.conf  
[2021-07-13T15:07:11.618Z] Successfully bootstrapped instance.
[2021-07-13T15:07:11.640Z] Sending signal 0 to CFN wait condition https://cloudformation-waitcondition-us-east-1.s3.amazonaws.com/arn%3Aaws%3Acloudformation%3Aus-east-1%3A370366066475%3Astack/awseb-e-prx8chapm8-stack/c593f580-e3eb-11eb-a53c-0ed4cff9b69d/AWSEBInstanceLaunchWaitHandle?X-Amz-Algorithm=AWS4-HMAC-SHA256&X-Amz-Date=20210713T150541Z&X-Amz-SignedHeaders=host&X-Amz-Expires=86399&X-Amz-Credential=AKIAIIT3CWAIMJYUTISA%2F20210713%2Fus-east-1%2Fs3%2Faws4_request&X-Amz-Signature=31dc2c1b68f467b7aafbd275df18cc17069d2b6e2fcafc58bd770f41b35a1394
CloudFormation signaled successfully with %s.
[2021-07-13T15:07:12.398Z] Tailing /var/log/eb-commandprocessor.log

******************* eb-commandprocessor taillog *******************
***eb-commandprocessor is not available yet.***
******************* End of taillog *******************


[2021-07-13T15:07:12.414Z] Tailing /var/log/eb-activity.log

******************* eb-activity taillog *******************
***eb-activity is not available yet.***
******************* End of taillog *******************


[2021-07-13T15:07:12.431Z] Tailing /var/log/eb-tools.log

******************* eb-tools taillog *******************
***eb-tools is not available yet.***
******************* End of taillog *******************


[2021-07-13T15:07:12.442Z] Tailing /var/log/eb-version-deployment.log

******************* eb-version-deployment taillog *******************
***eb-version-deployment is not available yet.***
******************* End of taillog *******************


[2021-07-13T15:07:12.454Z] Tailing /var/log/cfn-init.log

******************* cfn-init taillog *******************
2021-07-13 15:07:07,581 [INFO] -----------------------Starting build-----------------------
2021-07-13 15:07:07,588 [INFO] Running configSets: _OnInstanceBoot
2021-07-13 15:07:07,590 [INFO] Running configSet _OnInstanceBoot
2021-07-13 15:07:07,593 [INFO] Running config AWSEBBaseConfig
2021-07-13 15:07:07,755 [INFO] Command clearbackupfiles succeeded
2021-07-13 15:07:07,758 [INFO] Running config AWSEBCfnHupEndpointOverride
2021-07-13 15:07:07,762 [INFO] Command clearbackupfiles succeeded
2021-07-13 15:07:07,763 [INFO] ConfigSets completed
2021-07-13 15:07:07,763 [INFO] -----------------------Build complete-----------------------
******************* End of taillog *******************


[2021-07-13T15:07:12.476Z] Tailing /var/log/cfn-hup.log

******************* cfn-hup taillog *******************
2021-07-13 15:07:12,170 [DEBUG] CloudFormation client initialized with endpoint https://cloudformation.us-east-1.amazonaws.com
2021-07-13 15:07:12,170 [DEBUG] SQS client initialized with endpoint https://sqs.us-east-1.amazonaws.com
2021-07-13 15:07:12,171 [DEBUG] CloudFormation client initialized with endpoint https://cloudformation.us-east-1.amazonaws.com
2021-07-13 15:07:12,171 [DEBUG] Enabled single threading mode.
2021-07-13 15:07:12,171 [DEBUG] Creating /var/lib/cfn-hup/data
2021-07-13 15:07:12,191 [INFO] No umask value specified in config file. Using the default one: 0o22
******************* End of taillog *******************


[2021-07-13T15:07:12.494Z] Completed EB Bootstrapping Script.
+ RESULT=0
+ [[ 0 -ne 0 ]]
+ exit 0
